2017-01-05 02:31:45 DEBUG DeduplicableRegistry:92 - Found existing instance net.sf.jasperreports.engine.fill.JRTemplateText@5090d43f for object net.sf.jasperreports.engine.fill.JRTemplateText@9f11ca5
2017-01-05 02:31:45 DEBUG DeduplicableRegistry:92 - Found existing instance net.sf.jasperreports.engine.fill.JRTemplateText@5090d43f for object net.sf.jasperreports.engine.fill.JRTemplateText@2e9c275d
2017-01-05 02:31:45 DEBUG DeduplicableRegistry:85 - Added object net.sf.jasperreports.engine.fill.JRTemplateText@6344e693
2017-01-05 02:31:45 DEBUG JRFillTextField:438 - created net.sf.jasperreports.engine.fill.JRTemplateText@6344e693 for (null, {java.lang.Float, null,null,null,null})
2017-01-05 02:31:45 DEBUG DeduplicableRegistry:92 - Found existing instance net.sf.jasperreports.engine.fill.JRTemplateText@5090d43f for object net.sf.jasperreports.engine.fill.JRTemplateText@2b491ee4
2017-01-05 02:31:45 DEBUG DeduplicableRegistry:92 - Found existing instance net.sf.jasperreports.engine.fill.JRTemplateText@5090d43f for object net.sf.jasperreports.engine.fill.JRTemplateText@2adc2b1c
2017-01-05 02:31:45 DEBUG DeduplicableRegistry:92 - Found existing instance net.sf.jasperreports.engine.fill.JRTemplateText@5090d43f for object net.sf.jasperreports.engine.fill.JRTemplateText@65b547d5
2017-01-05 02:31:45 DEBUG DeduplicableRegistry:92 - Found existing instance net.sf.jasperreports.engine.fill.JRTemplateText@5090d43f for object net.sf.jasperreports.engine.fill.JRTemplateText@2101558e
2017-01-05 02:31:45 DEBUG DeduplicableRegistry:92 - Found existing instance net.sf.jasperreports.engine.fill.JRTemplateText@5090d43f for object net.sf.jasperreports.engine.fill.JRTemplateText@425cd174
2017-01-05 02:31:45 DEBUG DeduplicableRegistry:92 - Found existing instance net.sf.jasperreports.engine.fill.JRTemplateText@6344e693 for object net.sf.jasperreports.engine.fill.JRTemplateText@91386e8
2017-01-05 02:31:45 DEBUG JRFillTextField:438 - created net.sf.jasperreports.engine.fill.JRTemplateText@6344e693 for (null, {java.lang.Float, null,null,null,null})
2017-01-05 02:31:45 DEBUG DeduplicableRegistry:92 - Found existing instance net.sf.jasperreports.engine.fill.JRTemplateText@5090d43f for object net.sf.jasperreports.engine.fill.JRTemplateText@46d7e3f0
2017-01-05 02:31:45 DEBUG DeduplicableRegistry:85 - Added object net.sf.jasperreports.engine.fill.JRTemplateText@6d516381
2017-01-05 02:31:45 DEBUG JRFillTextField:438 - created net.sf.jasperreports.engine.fill.JRTemplateText@6d516381 for (null, {java.lang.Double, null,null,null,null})
2017-01-05 02:31:45 DEBUG DeduplicableRegistry:92 - Found existing instance net.sf.jasperreports.engine.fill.JRTemplateText@6d516381 for object net.sf.jasperreports.engine.fill.JRTemplateText@49a2c82e
2017-01-05 02:31:45 DEBUG JRFillTextField:438 - created net.sf.jasperreports.engine.fill.JRTemplateText@6d516381 for (null, {java.lang.Double, null,null,null,null})
2017-01-05 02:31:45 DEBUG DeduplicableRegistry:92 - Found existing instance net.sf.jasperreports.engine.fill.JRTemplateText@5090d43f for object net.sf.jasperreports.engine.fill.JRTemplateText@5c132334
2017-01-05 02:31:45 DEBUG DeduplicableRegistry:92 - Found existing instance net.sf.jasperreports.engine.fill.JRTemplateText@5090d43f for object net.sf.jasperreports.engine.fill.JRTemplateText@25229325
2017-01-05 02:31:45 DEBUG DeduplicableRegistry:92 - Found existing instance net.sf.jasperreports.engine.fill.JRTemplateText@5090d43f for object net.sf.jasperreports.engine.fill.JRTemplateText@4389b16b
2017-01-05 02:31:45 DEBUG DeduplicableRegistry:92 - Found existing instance net.sf.jasperreports.engine.fill.JRTemplateText@6d516381 for object net.sf.jasperreports.engine.fill.JRTemplateText@1c35f28c
2017-01-05 02:31:45 DEBUG JRFillTextField:438 - created net.sf.jasperreports.engine.fill.JRTemplateText@6d516381 for (null, {java.lang.Double, null,null,null,null})
2017-01-05 02:31:45 DEBUG DeduplicableRegistry:92 - Found existing instance net.sf.jasperreports.engine.fill.JRTemplateText@4755714f for object net.sf.jasperreports.engine.fill.JRTemplateText@597a68bd
2017-01-05 02:31:45 DEBUG JRFillTextField:438 - created net.sf.jasperreports.engine.fill.JRTemplateText@4755714f for (null, null)
2017-01-05 02:31:45 DEBUG DeduplicableRegistry:92 - Found existing instance net.sf.jasperreports.engine.fill.JRTemplateText@5090d43f for object net.sf.jasperreports.engine.fill.JRTemplateText@68f0730c
2017-01-05 02:31:45 DEBUG DeduplicableRegistry:92 - Found existing instance net.sf.jasperreports.engine.fill.JRTemplateText@5090d43f for object net.sf.jasperreports.engine.fill.JRTemplateText@667c8590
2017-01-05 02:31:45 DEBUG DeduplicableRegistry:92 - Found existing instance net.sf.jasperreports.engine.fill.JRTemplateText@5090d43f for object net.sf.jasperreports.engine.fill.JRTemplateText@55eeba41
2017-01-05 02:31:45 DEBUG DeduplicableRegistry:92 - Found existing instance net.sf.jasperreports.engine.fill.JRTemplateText@5090d43f for object net.sf.jasperreports.engine.fill.JRTemplateText@5fdb0fc1
2017-01-05 02:31:45 DEBUG DeduplicableRegistry:92 - Found existing instance net.sf.jasperreports.engine.fill.JRTemplateText@5090d43f for object net.sf.jasperreports.engine.fill.JRTemplateText@34d87f25
2017-01-05 02:31:45 DEBUG DeduplicableRegistry:85 - Added object net.sf.jasperreports.engine.fill.JRTemplateText@360a2c2b
2017-01-05 02:31:45 DEBUG JRFillTextField:438 - created net.sf.jasperreports.engine.fill.JRTemplateText@360a2c2b for (null, {java.sql.Date, yyyy/MM/dd,null,null,null})
2017-01-05 02:31:45 DEBUG DeduplicableRegistry:92 - Found existing instance net.sf.jasperreports.engine.fill.JRTemplateText@4755714f for object net.sf.jasperreports.engine.fill.JRTemplateText@1616b419
2017-01-05 02:31:45 DEBUG JRFillTextField:438 - created net.sf.jasperreports.engine.fill.JRTemplateText@4755714f for (null, null)
2017-01-05 02:31:45 DEBUG JRBaseFiller:973 - Fill 1: ended
2017-01-05 02:31:45 DEBUG JRFillDataset:1188 - Fill 1: closing query executer
2017-01-05 02:31:46 DEBUG JRBaseFiller:356 - Fill 1: created for WeightScale2
2017-01-05 02:31:46 DEBUG JRFillBand:154 - Origin {reportName: null, groupName: null,bandType: BACKGROUND} for band 1873255861
2017-01-05 02:31:46 DEBUG JRFillBand:154 - Origin {reportName: null, groupName: null,bandType: TITLE} for band 1512484787
2017-01-05 02:31:46 DEBUG JRFillBand:154 - Origin {reportName: null, groupName: null,bandType: DETAIL} for band 362052366
2017-01-05 02:31:46 DEBUG JRVerticalFiller:136 - Filler 1 - pageHeight: 380, columnFooterOffsetY: 360, lastPageColumnFooterOffsetY: 360
2017-01-05 02:31:46 DEBUG JRBaseFiller:911 - Fill 1: filling report
2017-01-05 02:31:46 DEBUG JRVerticalFiller:136 - Filler 1 - pageHeight: 2097152000, columnFooterOffsetY: 2097151980, lastPageColumnFooterOffsetY: 2097151980
2017-01-05 02:31:46 DEBUG JRFillDataset:1107 - Fill 1: Creating sql query executer
2017-01-05 02:31:46 DEBUG JRJdbcQueryExecuter:254 - SQL query string: SELECT
	s.weight_scale_id,
	s.customer_code,
	c.customer_name,
	s.description,
	s.reel_no,
	s.job_no,
	s.size,
	s.length,
	s.width,
	s.epf_no,
	s.batch_no,
	s.machine,
	s.gauge,
	s.qty,
	s.gross_weight,
	s.net_weight,
	s.core_weight,
	s.date,
	s.time_stamp

FROM scale s
inner join customer c
on c.customer_code=s.customer_code and s.weight_scale_id=?
2017-01-05 02:31:46 DEBUG JRJdbcQueryExecuter:396 - Parameter #1 (weight_scale_id of type java.lang.String): WID0002
2017-01-05 02:31:46 DEBUG JRBaseFiller:1857 - Fill 1: adding page 1
2017-01-05 02:31:46 DEBUG JRVerticalFiller:340 - Fill 1: title at 20
2017-01-05 02:31:46 DEBUG DeduplicableRegistry:85 - Added object net.sf.jasperreports.engine.fill.JRTemplateImage@4c0e513
2017-01-05 02:31:46 DEBUG DeduplicableRegistry:92 - Found existing instance net.sf.jasperreports.engine.fill.JRTemplateImage@4c0e513 for object net.sf.jasperreports.engine.fill.JRTemplateImage@7f0e3a00
2017-01-05 02:31:46 DEBUG DeduplicableRegistry:92 - Found existing instance net.sf.jasperreports.engine.fill.JRTemplateImage@4c0e513 for object net.sf.jasperreports.engine.fill.JRTemplateImage@4834331b
2017-01-05 02:31:46 DEBUG SimpleTextLineWrapper:303 - creating element font infos cache of size 2000
2017-01-05 02:31:46 TRACE SimpleTextLineWrapper:346 - font java.awt.Font[family=Times New Roman,name=Times New Roman,style=bold,size=9] has complex layout false, leading 0.38232422
2017-01-05 02:31:46 TRACE SimpleTextLineWrapper:283 - creating element font info for {family: Times New Roman, size: 9.0, style: 1} and element 925cca97-22d8-4926-ad03-828141b6b259
2017-01-05 02:31:46 TRACE SimpleTextLineWrapper:421 - paragraph start at 0, truncate at char false, LTR true, exact measure false
2017-01-05 02:31:46 TRACE SimpleTextLineWrapper:510 - simple line measurement at 0 to 34 in width 152.0 with font java.awt.Font[family=Times New Roman,name=Times New Roman,style=bold,size=9]
2017-01-05 02:31:46 TRACE SimpleTextLineWrapper:568 - exact line break index measured at 34
2017-01-05 02:31:46 TRACE SimpleTextLineWrapper:737 - measured to index 34 at width 131.5107421875
2017-01-05 02:31:46 TRACE SimpleTextLineWrapper:421 - paragraph start at 35, truncate at char false, LTR true, exact measure false
2017-01-05 02:31:46 TRACE SimpleTextLineWrapper:510 - simple line measurement at 35 to 58 in width 152.0 with font java.awt.Font[family=Times New Roman,name=Times New Roman,style=bold,size=9]
2017-01-05 02:31:46 TRACE SimpleTextLineWrapper:737 - measured to index 58 at width 99.24609375
2017-01-05 02:31:46 TRACE SimpleTextLineWrapper:421 - paragraph start at 59, truncate at char false, LTR true, exact measure false
2017-01-05 02:31:46 TRACE SimpleTextLineWrapper:510 - simple line measurement at 59 to 75 in width 152.0 with font java.awt.Font[family=Times New Roman,name=Times New Roman,style=bold,size=9]
2017-01-05 02:31:46 TRACE SimpleTextLineWrapper:737 - measured to index 75 at width 66.73974609375
2017-01-05 02:31:46 TRACE SimpleTextLineWrapper:421 - paragraph start at 75, truncate at char false, LTR true, exact measure false
2017-01-05 02:31:46 TRACE SimpleTextLineWrapper:510 - simple line measurement at 75 to 76 in width 152.0 with font java.awt.Font[family=Times New Roman,name=Times New Roman,style=bold,size=9]
2017-01-05 02:31:46 TRACE SimpleTextLineWrapper:737 - measured to index 76 at width 2.25
2017-01-05 02:31:46 TRACE SimpleTextLineWrapper:346 - font java.awt.Font[family=Times New Roman,name=Times New Roman,style=bold,size=10] has complex layout false, leading 0.4248047
2017-01-05 02:31:46 TRACE SimpleTextLineWrapper:283 - creating element font info for {family: Times New Roman, size: 10.0, style: 1} and element 079ff8eb-9f28-4eae-b7d8-01c446d5d162
2017-01-05 02:31:46 TRACE SimpleTextLineWrapper:421 - paragraph start at 0, truncate at char false, LTR true, exact measure false
2017-01-05 02:31:46 TRACE SimpleTextLineWrapper:510 - simple line measurement at 0 to 8 in width 60.0 with font java.awt.Font[family=Times New Roman,name=Times New Roman,style=bold,size=10]
2017-01-05 02:31:46 TRACE SimpleTextLineWrapper:568 - exact line break index measured at 8
2017-01-05 02:31:46 TRACE SimpleTextLineWrapper:737 - measured to index 8 at width 57.783203125
2017-01-05 02:31:46 TRACE SimpleTextLineWrapper:346 - font java.awt.Font[family=Times New Roman,name=Times New Roman,style=plain,size=10] has complex layout false, leading 0.4248047
2017-01-05 02:31:46 TRACE SimpleTextLineWrapper:283 - creating element font info for {family: Times New Roman, size: 10.0, style: 0} and element cae10bab-4c20-46a8-a23a-2df0d4746afa
2017-01-05 02:31:46 TRACE SimpleTextLineWrapper:421 - paragraph start at 0, truncate at char false, LTR true, exact measure false
2017-01-05 02:31:46 TRACE SimpleTextLineWrapper:510 - simple line measurement at 0 to 20 in width 187.0 with font java.awt.Font[family=Times New Roman,name=Times New Roman,style=plain,size=10]
2017-01-05 02:31:46 TRACE SimpleTextLineWrapper:568 - exact line break index measured at 20
2017-01-05 02:31:46 TRACE SimpleTextLineWrapper:737 - measured to index 20 at width 113.603515625
2017-01-05 02:31:46 TRACE SimpleTextLineWrapper:283 - creating element font info for {family: Times New Roman, size: 10.0, style: 1} and element 9b6039c3-0860-4eb5-87ef-217c7c95e4b0
2017-01-05 02:31:46 TRACE SimpleTextLineWrapper:421 - paragraph start at 0, truncate at char false, LTR true, exact measure false
2017-01-05 02:31:46 TRACE SimpleTextLineWrapper:510 - simple line measurement at 0 to 1 in width 8.0 with font java.awt.Font[family=Times New Roman,name=Times New Roman,style=bold,size=10]
2017-01-05 02:31:46 TRACE SimpleTextLineWrapper:737 - measured to index 1 at width 3.330078125
2017-01-05 02:31:46 TRACE SimpleTextLineWrapper:283 - creating element font info for {family: Times New Roman, size: 10.0, style: 1} and element d79e3bea-f662-44f4-af8e-aac1766b9652
2017-01-05 02:31:46 TRACE SimpleTextLineWrapper:421 - paragraph start at 0, truncate at char false, LTR true, exact measure false
2017-01-05 02:31:46 TRACE SimpleTextLineWrapper:510 - simple line measurement at 0 to 7 in width 80.0 with font java.awt.Font[family=Times New Roman,name=Times New Roman,style=bold,size=10]
2017-01-05 02:31:46 TRACE SimpleTextLineWrapper:737 - measured to index 7 at width 49.443359375
2017-01-05 02:31:46 TRACE SimpleTextLineWrapper:283 - creating element font info for {family: Times New Roman, size: 10.0, style: 1} and element 360ec9cb-ad7f-48a5-85f1-983a09293864
2017-01-05 02:31:46 TRACE SimpleTextLineWrapper:421 - paragraph start at 0, truncate at char false, LTR true, exact measure false
2017-01-05 02:31:46 TRACE SimpleTextLineWrapper:510 - simple line measurement at 0 to 1 in width 8.0 with font java.awt.Font[family=Times New Roman,name=Times New Roman,style=bold,size=10]
2017-01-05 02:31:46 TRACE SimpleTextLineWrapper:737 - measured to index 1 at width 3.330078125
2017-01-05 02:31:46 TRACE SimpleTextLineWrapper:283 - creating element font info for {family: Times New Roman, size: 10.0, style: 0} and element f1325d4f-e2e4-4ebb-897d-8389c648104e
2017-01-05 02:31:46 TRACE SimpleTextLineWrapper:421 - paragraph start at 0, truncate at char false, LTR true, exact measure false
2017-01-05 02:31:46 TRACE SimpleTextLineWrapper:510 - simple line measurement at 0 to 17 in width 165.0 with font java.awt.Font[family=Times New Roman,name=Times New Roman,style=plain,size=10]
2017-01-05 02:31:46 TRACE SimpleTextLineWrapper:737 - measured to index 17 at width 70.0048828125
2017-01-05 02:31:46 TRACE SimpleTextLineWrapper:283 - creating element font info for {family: Times New Roman, size: 10.0, style: 1} and element 4844044f-1fe8-4eea-88ec-8edb9a4ed19d
2017-01-05 02:31:46 TRACE SimpleTextLineWrapper:421 - paragraph start at 0, truncate at char false, LTR true, exact measure false
2017-01-05 02:31:46 TRACE SimpleTextLineWrapper:510 - simple line measurement at 0 to 1 in width 8.0 with font java.awt.Font[family=Times New Roman,name=Times New Roman,style=bold,size=10]
2017-01-05 02:31:46 TRACE SimpleTextLineWrapper:737 - measured to index 1 at width 3.330078125
2017-01-05 02:31:46 TRACE SimpleTextLineWrapper:283 - creating element font info for {family: Times New Roman, size: 10.0, style: 1} and element 012355cf-6e48-4cc5-9622-9151879c59ba
2017-01-05 02:31:46 TRACE SimpleTextLineWrapper:421 - paragraph start at 0, truncate at char false, LTR true, exact measure false
2017-01-05 02:31:46 TRACE SimpleTextLineWrapper:510 - simple line measurement at 0 to 12 in width 80.0 with font java.awt.Font[family=Times New Roman,name=Times New Roman,style=bold,size=10]
2017-01-05 02:31:46 TRACE SimpleTextLineWrapper:737 - measured to index 12 at width 75.01953125
2017-01-05 02:31:46 TRACE SimpleTextLineWrapper:283 - creating element font info for {family: Times New Roman, size: 10.0, style: 0} and element d354fd4e-0883-4b5a-a2fa-e476cf2388be
2017-01-05 02:31:46 TRACE SimpleTextLineWrapper:421 - paragraph start at 0, truncate at char false, LTR true, exact measure false
2017-01-05 02:31:46 TRACE SimpleTextLineWrapper:510 - simple line measurement at 0 to 3 in width 165.0 with font java.awt.Font[family=Times New Roman,name=Times New Roman,style=plain,size=10]
2017-01-05 02:31:46 TRACE SimpleTextLineWrapper:737 - measured to index 3 at width 13.330078125
2017-01-05 02:31:46 TRACE SimpleTextLineWrapper:283 - creating element font info for {family: Times New Roman, size: 10.0, style: 1} and element da908d15-4dd7-4bb6-9852-f93e7dacedee
2017-01-05 02:31:46 TRACE SimpleTextLineWrapper:421 - paragraph start at 0, truncate at char false, LTR true, exact measure false
2017-01-05 02:31:46 TRACE SimpleTextLineWrapper:510 - simple line measurement at 0 to 6 in width 50.0 with font java.awt.Font[family=Times New Roman,name=Times New Roman,style=bold,size=10]
2017-01-05 02:31:46 TRACE SimpleTextLineWrapper:737 - measured to index 6 at width 36.9482421875
2017-01-05 02:31:46 TRACE SimpleTextLineWrapper:283 - creating element font info for {family: Times New Roman, size: 10.0, style: 0} and element ba93243c-418c-4e47-a775-abb8fce8a076
2017-01-05 02:31:46 TRACE SimpleTextLineWrapper:421 - paragraph start at 0, truncate at char false, LTR true, exact measure false
2017-01-05 02:31:46 TRACE SimpleTextLineWrapper:510 - simple line measurement at 0 to 3 in width 63.0 with font java.awt.Font[family=Times New Roman,name=Times New Roman,style=plain,size=10]
2017-01-05 02:31:46 TRACE SimpleTextLineWrapper:737 - measured to index 3 at width 13.330078125
2017-01-05 02:31:46 TRACE SimpleTextLineWrapper:283 - creating element font info for {family: Times New Roman, size: 10.0, style: 1} and element 6778a6e8-72b2-4038-b5c5-eeb5d685a259
2017-01-05 02:31:46 TRACE SimpleTextLineWrapper:421 - paragraph start at 0, truncate at char false, LTR true, exact measure false
2017-01-05 02:31:46 TRACE SimpleTextLineWrapper:510 - simple line measurement at 0 to 1 in width 8.0 with font java.awt.Font[family=Times New Roman,name=Times New Roman,style=bold,size=10]
2017-01-05 02:31:46 TRACE SimpleTextLineWrapper:737 - measured to index 1 at width 3.330078125
2017-01-05 02:31:46 TRACE SimpleTextLineWrapper:283 - creating element font info for {family: Times New Roman, size: 10.0, style: 0} and element 88e9613e-d245-4edf-9d19-2fc714269cad
2017-01-05 02:31:46 TRACE SimpleTextLineWrapper:421 - paragraph start at 0, truncate at char false, LTR true, exact measure false
2017-01-05 02:31:46 TRACE SimpleTextLineWrapper:510 - simple line measurement at 0 to 3 in width 63.0 with font java.awt.Font[family=Times New Roman,name=Times New Roman,style=plain,size=10]
2017-01-05 02:31:46 TRACE SimpleTextLineWrapper:737 - measured to index 3 at width 15.0
2017-01-05 02:31:46 TRACE SimpleTextLineWrapper:283 - creating element font info for {family: Times New Roman, size: 10.0, style: 1} and element e9e1a83e-8372-4dcb-8e25-90462f6c0031
2017-01-05 02:31:46 TRACE SimpleTextLineWrapper:421 - paragraph start at 0, truncate at char false, LTR true, exact measure false
2017-01-05 02:31:46 TRACE SimpleTextLineWrapper:510 - simple line measurement at 0 to 5 in width 59.0 with font java.awt.Font[family=Times New Roman,name=Times New Roman,style=bold,size=10]
2017-01-05 02:31:46 TRACE SimpleTextLineWrapper:737 - measured to index 5 at width 36.669921875
2017-01-05 02:31:46 TRACE SimpleTextLineWrapper:283 - creating element font info for {family: Times New Roman, size: 10.0, style: 1} and element 24ccc045-65a6-4bad-8df8-69f3ce3163d9
2017-01-05 02:31:46 TRACE SimpleTextLineWrapper:421 - paragraph start at 0, truncate at char false, LTR true, exact measure false
2017-01-05 02:31:46 TRACE SimpleTextLineWrapper:510 - simple line measurement at 0 to 1 in width 8.0 with font java.awt.Font[family=Times New Roman,name=Times New Roman,style=bold,size=10]
2017-01-05 02:31:46 TRACE SimpleTextLineWrapper:737 - measured to index 1 at width 3.330078125
2017-01-05 02:31:46 TRACE SimpleTextLineWrapper:283 - creating element font info for {family: Times New Roman, size: 10.0, style: 1} and element 1781ee87-0472-4628-bd64-2f9f7be3bfb7
2017-01-05 02:31:46 TRACE SimpleTextLineWrapper:421 - paragraph start at 0, truncate at char false, LTR true, exact measure false
2017-01-05 02:31:46 TRACE SimpleTextLineWrapper:510 - simple line measurement at 0 to 3 in width 59.0 with font java.awt.Font[family=Times New Roman,name=Times New Roman,style=bold,size=10]
2017-01-05 02:31:46 TRACE SimpleTextLineWrapper:737 - measured to index 3 at width 21.669921875
2017-01-05 02:31:46 TRACE SimpleTextLineWrapper:283 - creating element font info for {family: Times New Roman, size: 10.0, style: 0} and element c9987fc7-cc78-4140-9434-ccadb16384ad
2017-01-05 02:31:46 TRACE SimpleTextLineWrapper:421 - paragraph start at 0, truncate at char false, LTR true, exact measure false
2017-01-05 02:31:46 TRACE SimpleTextLineWrapper:510 - simple line measurement at 0 to 3 in width 63.0 with font java.awt.Font[family=Times New Roman,name=Times New Roman,style=plain,size=10]
2017-01-05 02:31:46 TRACE SimpleTextLineWrapper:737 - measured to index 3 at width 12.5
2017-01-05 02:31:46 TRACE SimpleTextLineWrapper:283 - creating element font info for {family: Times New Roman, size: 10.0, style: 1} and element a6a72c8f-6448-4619-ab18-e425496dd33b
2017-01-05 02:31:46 TRACE SimpleTextLineWrapper:421 - paragraph start at 0, truncate at char false, LTR true, exact measure false
2017-01-05 02:31:46 TRACE SimpleTextLineWrapper:510 - simple line measurement at 0 to 4 in width 50.0 with font java.awt.Font[family=Times New Roman,name=Times New Roman,style=bold,size=10]
2017-01-05 02:31:46 TRACE SimpleTextLineWrapper:737 - measured to index 4 at width 22.79296875
2017-01-05 02:31:46 TRACE SimpleTextLineWrapper:283 - creating element font info for {family: Times New Roman, size: 10.0, style: 1} and element fec1f24d-c8b5-4791-8217-7ef9f91bf33f
2017-01-05 02:31:46 TRACE SimpleTextLineWrapper:421 - paragraph start at 0, truncate at char false, LTR true, exact measure false
2017-01-05 02:31:46 TRACE SimpleTextLineWrapper:510 - simple line measurement at 0 to 1 in width 8.0 with font java.awt.Font[family=Times New Roman,name=Times New Roman,style=bold,size=10]
2017-01-05 02:31:46 TRACE SimpleTextLineWrapper:737 - measured to index 1 at width 3.330078125
2017-01-05 02:31:46 TRACE SimpleTextLineWrapper:283 - creating element font info for {family: Times New Roman, size: 10.0, style: 1} and element 55c70d09-8f57-4081-b0d1-dd1423df58c6
2017-01-05 02:31:46 TRACE SimpleTextLineWrapper:421 - paragraph start at 0, truncate at char false, LTR true, exact measure false
2017-01-05 02:31:46 TRACE SimpleTextLineWrapper:510 - simple line measurement at 0 to 1 in width 8.0 with font java.awt.Font[family=Times New Roman,name=Times New Roman,style=bold,size=10]
2017-01-05 02:31:46 TRACE SimpleTextLineWrapper:737 - measured to index 1 at width 3.330078125
2017-01-05 02:31:46 TRACE SimpleTextLineWrapper:283 - creating element font info for {family: Times New Roman, size: 10.0, style: 0} and element aee37a5e-1914-413f-8251-6e92ddfe5aa1
2017-01-05 02:31:46 TRACE SimpleTextLineWrapper:421 - paragraph start at 0, truncate at char false, LTR true, exact measure false
2017-01-05 02:31:46 TRACE SimpleTextLineWrapper:510 - simple line measurement at 0 to 5 in width 63.0 with font java.awt.Font[family=Times New Roman,name=Times New Roman,style=plain,size=10]
2017-01-05 02:31:46 TRACE SimpleTextLineWrapper:737 - measured to index 5 at width 22.5
2017-01-05 02:31:46 TRACE SimpleTextLineWrapper:283 - creating element font info for {family: Times New Roman, size: 10.0, style: 1} and element c0fef36b-0ab7-43bc-818c-f8e65051ea49
2017-01-05 02:31:46 TRACE SimpleTextLineWrapper:421 - paragraph start at 0, truncate at char false, LTR true, exact measure false
2017-01-05 02:31:46 TRACE SimpleTextLineWrapper:510 - simple line measurement at 0 to 9 in width 59.0 with font java.awt.Font[family=Times New Roman,name=Times New Roman,style=bold,size=10]
2017-01-05 02:31:46 TRACE SimpleTextLineWrapper:737 - measured to index 9 at width 60.849609375
2017-01-05 02:31:46 TRACE SimpleTextLineWrapper:737 - measured to index 5 at width 33.9013671875
2017-01-05 02:31:46 TRACE SimpleTextLineWrapper:510 - simple line measurement at 6 to 9 in width 59.0 with font java.awt.Font[family=Times New Roman,name=Times New Roman,style=bold,size=10]
2017-01-05 02:31:46 TRACE SimpleTextLineWrapper:737 - measured to index 9 at width 24.4482421875
2017-01-05 02:31:46 TRACE SimpleTextLineWrapper:283 - creating element font info for {family: Times New Roman, size: 10.0, style: 1} and element 69260693-6e91-4ae6-817c-bc8bed95c4c5
2017-01-05 02:31:46 TRACE SimpleTextLineWrapper:421 - paragraph start at 0, truncate at char false, LTR true, exact measure false
2017-01-05 02:31:46 TRACE SimpleTextLineWrapper:510 - simple line measurement at 0 to 6 in width 50.0 with font java.awt.Font[family=Times New Roman,name=Times New Roman,style=bold,size=10]
2017-01-05 02:31:46 TRACE SimpleTextLineWrapper:737 - measured to index 6 at width 42.7880859375
2017-01-05 02:31:46 TRACE SimpleTextLineWrapper:283 - creating element font info for {family: Times New Roman, size: 10.0, style: 1} and element 645f5559-e0fd-41ac-b1c2-e8003799871d
2017-01-05 02:31:46 TRACE SimpleTextLineWrapper:421 - paragraph start at 0, truncate at char false, LTR true, exact measure false
2017-01-05 02:31:46 TRACE SimpleTextLineWrapper:510 - simple line measurement at 0 to 1 in width 8.0 with font java.awt.Font[family=Times New Roman,name=Times New Roman,style=bold,size=10]
2017-01-05 02:31:46 TRACE SimpleTextLineWrapper:737 - measured to index 1 at width 3.330078125
2017-01-05 02:31:46 TRACE SimpleTextLineWrapper:283 - creating element font info for {family: Times New Roman, size: 10.0, style: 0} and element 0ceefd4f-e954-43ae-b9a7-9a4e89838bf5
2017-01-05 02:31:46 TRACE SimpleTextLineWrapper:421 - paragraph start at 0, truncate at char false, LTR true, exact measure false
2017-01-05 02:31:46 TRACE SimpleTextLineWrapper:510 - simple line measurement at 0 to 3 in width 63.0 with font java.awt.Font[family=Times New Roman,name=Times New Roman,style=plain,size=10]
2017-01-05 02:31:46 TRACE SimpleTextLineWrapper:737 - measured to index 3 at width 12.5
2017-01-05 02:31:46 TRACE SimpleTextLineWrapper:283 - creating element font info for {family: Times New Roman, size: 10.0, style: 1} and element 1ca25ebf-5f86-42fe-aab1-4e43539d04c9
2017-01-05 02:31:46 TRACE SimpleTextLineWrapper:421 - paragraph start at 0, truncate at char false, LTR true, exact measure false
2017-01-05 02:31:46 TRACE SimpleTextLineWrapper:510 - simple line measurement at 0 to 1 in width 8.0 with font java.awt.Font[family=Times New Roman,name=Times New Roman,style=bold,size=10]
2017-01-05 02:31:46 TRACE SimpleTextLineWrapper:737 - measured to index 1 at width 3.330078125
2017-01-05 02:31:46 TRACE SimpleTextLineWrapper:283 - creating element font info for {family: Times New Roman, size: 10.0, style: 0} and element bc9daa36-03bf-4eb0-beb0-6aa4d42296a6
2017-01-05 02:31:46 TRACE SimpleTextLineWrapper:421 - paragraph start at 0, truncate at char false, LTR true, exact measure false
2017-01-05 02:31:46 TRACE SimpleTextLineWrapper:510 - simple line measurement at 0 to 5 in width 63.0 with font java.awt.Font[family=Times New Roman,name=Times New Roman,style=plain,size=10]
2017-01-05 02:31:46 TRACE SimpleTextLineWrapper:737 - measured to index 5 at width 22.5
2017-01-05 02:31:46 TRACE SimpleTextLineWrapper:283 - creating element font info for {family: Times New Roman, size: 10.0, style: 1} and element 44d8e5f5-4683-4f3e-b07f-6b712dbaeccd
2017-01-05 02:31:46 TRACE SimpleTextLineWrapper:421 - paragraph start at 0, truncate at char false, LTR true, exact measure false
2017-01-05 02:31:46 TRACE SimpleTextLineWrapper:510 - simple line measurement at 0 to 5 in width 50.0 with font java.awt.Font[family=Times New Roman,name=Times New Roman,style=bold,size=10]
2017-01-05 02:31:46 TRACE SimpleTextLineWrapper:737 - measured to index 5 at width 35.5615234375
2017-01-05 02:31:46 TRACE SimpleTextLineWrapper:283 - creating element font info for {family: Times New Roman, size: 10.0, style: 1} and element cdd9cf1b-836d-4de6-800f-d880a9ba1e55
2017-01-05 02:31:46 TRACE SimpleTextLineWrapper:421 - paragraph start at 0, truncate at char false, LTR true, exact measure false
2017-01-05 02:31:46 TRACE SimpleTextLineWrapper:510 - simple line measurement at 0 to 7 in width 59.0 with font java.awt.Font[family=Times New Roman,name=Times New Roman,style=bold,size=10]
2017-01-05 02:31:46 TRACE SimpleTextLineWrapper:737 - measured to index 7 at width 47.509765625
2017-01-05 02:31:46 TRACE SimpleTextLineWrapper:283 - creating element font info for {family: Times New Roman, size: 10.0, style: 1} and element 08c0d963-6a33-4ff0-bc23-7ce5deb9a7eb
2017-01-05 02:31:46 TRACE SimpleTextLineWrapper:421 - paragraph start at 0, truncate at char false, LTR true, exact measure false
2017-01-05 02:31:46 TRACE SimpleTextLineWrapper:510 - simple line measurement at 0 to 1 in width 8.0 with font java.awt.Font[family=Times New Roman,name=Times New Roman,style=bold,size=10]
2017-01-05 02:31:46 TRACE SimpleTextLineWrapper:737 - measured to index 1 at width 3.330078125
2017-01-05 02:31:46 TRACE SimpleTextLineWrapper:283 - creating element font info for {family: Times New Roman, size: 10.0, style: 0} and element 2c481628-3092-4c5b-b199-7d779b6768c5
2017-01-05 02:31:46 TRACE SimpleTextLineWrapper:421 - paragraph start at 0, truncate at char false, LTR true, exact measure false
2017-01-05 02:31:46 TRACE SimpleTextLineWrapper:510 - simple line measurement at 0 to 5 in width 63.0 with font java.awt.Font[family=Times New Roman,name=Times New Roman,style=plain,size=10]
2017-01-05 02:31:46 TRACE SimpleTextLineWrapper:737 - measured to index 5 at width 22.5
2017-01-05 02:31:46 TRACE SimpleTextLineWrapper:283 - creating element font info for {family: Times New Roman, size: 10.0, style: 0} and element f53e0f1b-c0fd-4c21-934a-2fa877fd09bb
2017-01-05 02:31:46 TRACE SimpleTextLineWrapper:421 - paragraph start at 0, truncate at char false, LTR true, exact measure false
2017-01-05 02:31:46 TRACE SimpleTextLineWrapper:510 - simple line measurement at 0 to 3 in width 63.0 with font java.awt.Font[family=Times New Roman,name=Times New Roman,style=plain,size=10]
2017-01-05 02:31:46 TRACE SimpleTextLineWrapper:737 - measured to index 3 at width 12.5
2017-01-05 02:31:46 TRACE SimpleTextLineWrapper:283 - creating element font info for {family: Times New Roman, size: 10.0, style: 1} and element 091a6bfc-97f4-4408-88cb-f2260f588759
2017-01-05 02:31:46 TRACE SimpleTextLineWrapper:421 - paragraph start at 0, truncate at char false, LTR true, exact measure false
2017-01-05 02:31:46 TRACE SimpleTextLineWrapper:510 - simple line measurement at 0 to 1 in width 8.0 with font java.awt.Font[family=Times New Roman,name=Times New Roman,style=bold,size=10]
2017-01-05 02:31:46 TRACE SimpleTextLineWrapper:737 - measured to index 1 at width 3.330078125
2017-01-05 02:31:46 TRACE SimpleTextLineWrapper:283 - creating element font info for {family: Times New Roman, size: 10.0, style: 1} and element d2ae04b6-db04-41df-acb9-71741a9323c3
2017-01-05 02:31:46 TRACE SimpleTextLineWrapper:421 - paragraph start at 0, truncate at char false, LTR true, exact measure false
2017-01-05 02:31:46 TRACE SimpleTextLineWrapper:510 - simple line measurement at 0 to 1 in width 8.0 with font java.awt.Font[family=Times New Roman,name=Times New Roman,style=bold,size=10]
2017-01-05 02:31:46 TRACE SimpleTextLineWrapper:737 - measured to index 1 at width 3.330078125
2017-01-05 02:31:46 TRACE SimpleTextLineWrapper:283 - creating element font info for {family: Times New Roman, size: 10.0, style: 1} and element 5b7e1909-bfcc-4cfa-af03-b6a7f4b84e9a
2017-01-05 02:31:46 TRACE SimpleTextLineWrapper:421 - paragraph start at 0, truncate at char false, LTR true, exact measure false
2017-01-05 02:31:46 TRACE SimpleTextLineWrapper:510 - simple line measurement at 0 to 6 in width 50.0 with font java.awt.Font[family=Times New Roman,name=Times New Roman,style=bold,size=10]
2017-01-05 02:31:46 TRACE SimpleTextLineWrapper:737 - measured to index 6 at width 36.38671875
2017-01-05 02:31:46 TRACE SimpleTextLineWrapper:283 - creating element font info for {family: Times New Roman, size: 10.0, style: 1} and element ad5eb8ef-b116-4e47-a5af-297c2852014b
2017-01-05 02:31:46 TRACE SimpleTextLineWrapper:421 - paragraph start at 0, truncate at char false, LTR true, exact measure false
2017-01-05 02:31:46 TRACE SimpleTextLineWrapper:510 - simple line measurement at 0 to 1 in width 8.0 with font java.awt.Font[family=Times New Roman,name=Times New Roman,style=bold,size=10]
2017-01-05 02:31:46 TRACE SimpleTextLineWrapper:737 - measured to index 1 at width 3.330078125
2017-01-05 02:31:46 TRACE SimpleTextLineWrapper:283 - creating element font info for {family: Times New Roman, size: 10.0, style: 1} and element eabace90-63d5-4209-ba89-caa80124c379
2017-01-05 02:31:46 TRACE SimpleTextLineWrapper:421 - paragraph start at 0, truncate at char false, LTR true, exact measure false
2017-01-05 02:31:46 TRACE SimpleTextLineWrapper:510 - simple line measurement at 0 to 4 in width 59.0 with font java.awt.Font[family=Times New Roman,name=Times New Roman,style=bold,size=10]
2017-01-05 02:31:46 TRACE SimpleTextLineWrapper:737 - measured to index 4 at width 27.783203125
2017-01-05 02:31:46 TRACE SimpleTextLineWrapper:283 - creating element font info for {family: Times New Roman, size: 10.0, style: 0} and element a135b957-5e80-4693-a1b7-003f9ed7b572
2017-01-05 02:31:46 TRACE SimpleTextLineWrapper:421 - paragraph start at 0, truncate at char false, LTR true, exact measure false
2017-01-05 02:31:46 TRACE SimpleTextLineWrapper:510 - simple line measurement at 0 to 10 in width 63.0 with font java.awt.Font[family=Times New Roman,name=Times New Roman,style=plain,size=10]
2017-01-05 02:31:46 TRACE SimpleTextLineWrapper:737 - measured to index 10 at width 45.556640625
2017-01-05 02:31:46 TRACE SimpleTextLineWrapper:283 - creating element font info for {family: Times New Roman, size: 10.0, style: 0} and element 07b6b4f8-819d-452e-a77a-b1e8de3b848d
2017-01-05 02:31:46 TRACE SimpleTextLineWrapper:421 - paragraph start at 0, truncate at char false, LTR true, exact measure false
2017-01-05 02:31:46 TRACE SimpleTextLineWrapper:510 - simple line measurement at 0 to 1 in width 63.0 with font java.awt.Font[family=Times New Roman,name=Times New Roman,style=plain,size=10]
2017-01-05 02:31:46 TRACE SimpleTextLineWrapper:737 - measured to index 1 at width 5.0
2017-01-05 02:31:46 DEBUG DeduplicableRegistry:85 - Added object net.sf.jasperreports.engine.fill.JRTemplateText@2f4b1ef0
2017-01-05 02:31:46 DEBUG DeduplicableRegistry:85 - Added object net.sf.jasperreports.engine.fill.JRTemplateText@2ca08e77
2017-01-05 02:31:46 DEBUG DeduplicableRegistry:85 - Added object net.sf.jasperreports.engine.fill.JRTemplateText@22706fd9
2017-01-05 02:31:46 DEBUG JRFillTextField:438 - created net.sf.jasperreports.engine.fill.JRTemplateText@22706fd9 for (null, null)
2017-01-05 02:31:46 DEBUG DeduplicableRegistry:92 - Found existing instance net.sf.jasperreports.engine.fill.JRTemplateText@2ca08e77 for object net.sf.jasperreports.engine.fill.JRTemplateText@4bb52c67
2017-01-05 02:31:46 DEBUG DeduplicableRegistry:85 - Added object net.sf.jasperreports.engine.fill.JRTemplateText@3c7e077f
2017-01-05 02:31:46 DEBUG JRFillTextField:438 - created net.sf.jasperreports.engine.fill.JRTemplateText@3c7e077f for (null, null)
2017-01-05 02:31:46 DEBUG DeduplicableRegistry:92 - Found existing instance net.sf.jasperreports.engine.fill.JRTemplateText@2ca08e77 for object net.sf.jasperreports.engine.fill.JRTemplateText@1485e5b1
2017-01-05 02:31:46 DEBUG DeduplicableRegistry:92 - Found existing instance net.sf.jasperreports.engine.fill.JRTemplateText@2ca08e77 for object net.sf.jasperreports.engine.fill.JRTemplateText@352a4e5f
2017-01-05 02:31:46 DEBUG DeduplicableRegistry:92 - Found existing instance net.sf.jasperreports.engine.fill.JRTemplateText@22706fd9 for object net.sf.jasperreports.engine.fill.JRTemplateText@571e9a89
2017-01-05 02:31:46 DEBUG JRFillTextField:438 - created net.sf.jasperreports.engine.fill.JRTemplateText@22706fd9 for (null, null)
2017-01-05 02:31:46 DEBUG DeduplicableRegistry:92 - Found existing instance net.sf.jasperreports.engine.fill.JRTemplateText@2ca08e77 for object net.sf.jasperreports.engine.fill.JRTemplateText@1b972aea
2017-01-05 02:31:46 DEBUG DeduplicableRegistry:92 - Found existing instance net.sf.jasperreports.engine.fill.JRTemplateText@2ca08e77 for object net.sf.jasperreports.engine.fill.JRTemplateText@2004fc44
2017-01-05 02:31:46 DEBUG DeduplicableRegistry:92 - Found existing instance net.sf.jasperreports.engine.fill.JRTemplateText@2ca08e77 for object net.sf.jasperreports.engine.fill.JRTemplateText@47bb06ad
2017-01-05 02:31:46 DEBUG DeduplicableRegistry:92 - Found existing instance net.sf.jasperreports.engine.fill.JRTemplateText@2ca08e77 for object net.sf.jasperreports.engine.fill.JRTemplateText@64d21601
2017-01-05 02:31:46 DEBUG DeduplicableRegistry:92 - Found existing instance net.sf.jasperreports.engine.fill.JRTemplateText@22706fd9 for object net.sf.jasperreports.engine.fill.JRTemplateText@4630b00b
2017-01-05 02:31:46 DEBUG JRFillTextField:438 - created net.sf.jasperreports.engine.fill.JRTemplateText@22706fd9 for (null, null)
2017-01-05 02:31:46 DEBUG DeduplicableRegistry:92 - Found existing instance net.sf.jasperreports.engine.fill.JRTemplateText@2ca08e77 for object net.sf.jasperreports.engine.fill.JRTemplateText@41519255
2017-01-05 02:31:46 DEBUG DeduplicableRegistry:92 - Found existing instance net.sf.jasperreports.engine.fill.JRTemplateText@2ca08e77 for object net.sf.jasperreports.engine.fill.JRTemplateText@5e407abc
2017-01-05 02:31:46 DEBUG DeduplicableRegistry:92 - Found existing instance net.sf.jasperreports.engine.fill.JRTemplateText@3c7e077f for object net.sf.jasperreports.engine.fill.JRTemplateText@2a561d6b
2017-01-05 02:31:46 DEBUG JRFillTextField:438 - created net.sf.jasperreports.engine.fill.JRTemplateText@3c7e077f for (null, null)
2017-01-05 02:31:46 DEBUG DeduplicableRegistry:92 - Found existing instance net.sf.jasperreports.engine.fill.JRTemplateText@2ca08e77 for object net.sf.jasperreports.engine.fill.JRTemplateText@69a550c2
2017-01-05 02:31:46 DEBUG DeduplicableRegistry:92 - Found existing instance net.sf.jasperreports.engine.fill.JRTemplateText@2ca08e77 for object net.sf.jasperreports.engine.fill.JRTemplateText@24abb499
2017-01-05 02:31:46 DEBUG DeduplicableRegistry:85 - Added object net.sf.jasperreports.engine.fill.JRTemplateText@79e3bf2a
2017-01-05 02:31:46 DEBUG JRFillTextField:438 - created net.sf.jasperreports.engine.fill.JRTemplateText@79e3bf2a for (null, {java.lang.Float, null,null,null,null})
2017-01-05 02:31:46 DEBUG DeduplicableRegistry:92 - Found existing instance net.sf.jasperreports.engine.fill.JRTemplateText@2ca08e77 for object net.sf.jasperreports.engine.fill.JRTemplateText@63445838
2017-01-05 02:31:46 DEBUG DeduplicableRegistry:92 - Found existing instance net.sf.jasperreports.engine.fill.JRTemplateText@2ca08e77 for object net.sf.jasperreports.engine.fill.JRTemplateText@20a427d2
2017-01-05 02:31:46 DEBUG DeduplicableRegistry:92 - Found existing instance net.sf.jasperreports.engine.fill.JRTemplateText@2ca08e77 for object net.sf.jasperreports.engine.fill.JRTemplateText@59d25023
2017-01-05 02:31:46 DEBUG DeduplicableRegistry:92 - Found existing instance net.sf.jasperreports.engine.fill.JRTemplateText@2ca08e77 for object net.sf.jasperreports.engine.fill.JRTemplateText@3d2caedc
2017-01-05 02:31:46 DEBUG DeduplicableRegistry:92 - Found existing instance net.sf.jasperreports.engine.fill.JRTemplateText@2ca08e77 for object net.sf.jasperreports.engine.fill.JRTemplateText@7c68a4d9
2017-01-05 02:31:46 DEBUG DeduplicableRegistry:92 - Found existing instance net.sf.jasperreports.engine.fill.JRTemplateText@79e3bf2a for object net.sf.jasperreports.engine.fill.JRTemplateText@7df38631
2017-01-05 02:31:46 DEBUG JRFillTextField:438 - created net.sf.jasperreports.engine.fill.JRTemplateText@79e3bf2a for (null, {java.lang.Float, null,null,null,null})
2017-01-05 02:31:46 DEBUG DeduplicableRegistry:92 - Found existing instance net.sf.jasperreports.engine.fill.JRTemplateText@2ca08e77 for object net.sf.jasperreports.engine.fill.JRTemplateText@366b92e4
2017-01-05 02:31:46 DEBUG DeduplicableRegistry:85 - Added object net.sf.jasperreports.engine.fill.JRTemplateText@6ee990bb
2017-01-05 02:31:46 DEBUG JRFillTextField:438 - created net.sf.jasperreports.engine.fill.JRTemplateText@6ee990bb for (null, {java.lang.Double, null,null,null,null})
2017-01-05 02:31:46 DEBUG DeduplicableRegistry:92 - Found existing instance net.sf.jasperreports.engine.fill.JRTemplateText@6ee990bb for object net.sf.jasperreports.engine.fill.JRTemplateText@579ebfd3
2017-01-05 02:31:46 DEBUG JRFillTextField:438 - created net.sf.jasperreports.engine.fill.JRTemplateText@6ee990bb for (null, {java.lang.Double, null,null,null,null})
2017-01-05 02:31:46 DEBUG DeduplicableRegistry:92 - Found existing instance net.sf.jasperreports.engine.fill.JRTemplateText@2ca08e77 for object net.sf.jasperreports.engine.fill.JRTemplateText@36bd791f
2017-01-05 02:31:46 DEBUG DeduplicableRegistry:92 - Found existing instance net.sf.jasperreports.engine.fill.JRTemplateText@2ca08e77 for object net.sf.jasperreports.engine.fill.JRTemplateText@5cab219e
2017-01-05 02:31:46 DEBUG DeduplicableRegistry:92 - Found existing instance net.sf.jasperreports.engine.fill.JRTemplateText@2ca08e77 for object net.sf.jasperreports.engine.fill.JRTemplateText@7ee50ef8
2017-01-05 02:31:46 DEBUG DeduplicableRegistry:92 - Found existing instance net.sf.jasperreports.engine.fill.JRTemplateText@6ee990bb for object net.sf.jasperreports.engine.fill.JRTemplateText@5c2746d0
2017-01-05 02:31:46 DEBUG JRFillTextField:438 - created net.sf.jasperreports.engine.fill.JRTemplateText@6ee990bb for (null, {java.lang.Double, null,null,null,null})
2017-01-05 02:31:46 DEBUG DeduplicableRegistry:92 - Found existing instance net.sf.jasperreports.engine.fill.JRTemplateText@79e3bf2a for object net.sf.jasperreports.engine.fill.JRTemplateText@10fa9ca
2017-01-05 02:31:46 DEBUG JRFillTextField:438 - created net.sf.jasperreports.engine.fill.JRTemplateText@79e3bf2a for (null, {java.lang.Float, null,null,null,null})
2017-01-05 02:31:46 DEBUG DeduplicableRegistry:92 - Found existing instance net.sf.jasperreports.engine.fill.JRTemplateText@2ca08e77 for object net.sf.jasperreports.engine.fill.JRTemplateText@4adcfa4
2017-01-05 02:31:46 DEBUG DeduplicableRegistry:92 - Found existing instance net.sf.jasperreports.engine.fill.JRTemplateText@2ca08e77 for object net.sf.jasperreports.engine.fill.JRTemplateText@52698307
2017-01-05 02:31:46 DEBUG DeduplicableRegistry:92 - Found existing instance net.sf.jasperreports.engine.fill.JRTemplateText@2ca08e77 for object net.sf.jasperreports.engine.fill.JRTemplateText@349e4e5c
2017-01-05 02:31:46 DEBUG DeduplicableRegistry:92 - Found existing instance net.sf.jasperreports.engine.fill.JRTemplateText@2ca08e77 for object net.sf.jasperreports.engine.fill.JRTemplateText@4823f0fc
2017-01-05 02:31:46 DEBUG DeduplicableRegistry:92 - Found existing instance net.sf.jasperreports.engine.fill.JRTemplateText@2ca08e77 for object net.sf.jasperreports.engine.fill.JRTemplateText@2219d6b3
2017-01-05 02:31:46 DEBUG DeduplicableRegistry:85 - Added object net.sf.jasperreports.engine.fill.JRTemplateText@3cf6184c
2017-01-05 02:31:46 DEBUG JRFillTextField:438 - created net.sf.jasperreports.engine.fill.JRTemplateText@3cf6184c for (null, {java.sql.Date, yyyy/MM/dd,null,null,null})
2017-01-05 02:31:46 DEBUG DeduplicableRegistry:92 - Found existing instance net.sf.jasperreports.engine.fill.JRTemplateText@22706fd9 for object net.sf.jasperreports.engine.fill.JRTemplateText@7adc4d20
2017-01-05 02:31:46 DEBUG JRFillTextField:438 - created net.sf.jasperreports.engine.fill.JRTemplateText@22706fd9 for (null, null)
2017-01-05 02:31:46 DEBUG JRBaseFiller:973 - Fill 1: ended
2017-01-05 02:31:46 DEBUG JRFillDataset:1188 - Fill 1: closing query executer
2017-01-12 15:03:26 ERROR CustomerRegistrationDAO:97 - Exception tag --> Invalid sql statement
2017-01-12 15:24:01 ERROR CustomerRegistrationDAO:1165 - Exception tag --> Invalid sql statement
2017-01-12 16:05:47 ERROR CustomerRegistrationDAO:806 - Exception tag --> Invalid sql statement
2017-01-12 16:29:04 ERROR ScaleRegisterationDAO:69 - Exception tag --> Split character error
2017-01-12 16:31:10 ERROR ScaleRegisterationDAO:69 - Exception tag --> Split character error
2017-01-12 16:35:25 ERROR ScaleDAO:69 - Exception tag --> Split character error java.lang.ArrayIndexOutOfBoundsException: 1
2017-01-12 16:43:12 ERROR ScaleDAO:69 - Exception tag --> Split character error java.lang.ArrayIndexOutOfBoundsException: 1
